<?xml version="1.0" encoding="UTF-8"?>
<!-- Generated by org.testng.reporters.JUnitReportReporter -->
<testsuite hostname="DESKTOP-AA1UDAH" failures="0" tests="2" name="com.bookmyshow.in.SportsSearchSuite" time="81.165" errors="0" timestamp="2021-07-21T19:14:56 IST" skipped="0">
  <testcase classname="com.bookmyshow.in.SportsSearchSuite" name="searchSuite" time="59.731"/>
  <system-out>
Error message for invalid email is: Enter a valid email or phone number Sports available for this weekend: BGMI Tournament (Solo & Squad) By VP Gaming Online (Play From Home) E Sports ₹ 100 onwards Online Game - Lost Treasure of Sundarbans Online (Play From Home) E Sports ₹ 199 Online Game - Flight 9032 Murder Mystery Online (Play From Home) E Sports ₹ 199 Call of Duty Mobile Tournament Online (Play From Home) E Sports ₹ 300 onwards Free Fire Solo And Squad (Bermuda) Online (Play From Home) E Sports ₹ 100 onwards No Escape Play From Home Online (Play From Home) E Sports ₹ 150 Johnson Call Of Duty Mobile Tournament Online (Play From Home) E Sports ₹ 100 onwards Call Of Duty Mobile (CODM) by Big Band Sports Online (Play From Home) E Sports ₹ 399 onwards Online Game - The Witch of Kahua Online (Play From Home) E Sports ₹ 249 Battlegrounds Mobile India Tournament Online (Play From Home) E Sports ₹ 125 onwards Indian Chess League 2021 Online (Play From Home) E Sports ₹ 99 onwards Online Game - The Prisoner of Andaman Online (Play From Home) E Sports ₹ 149 Knight Chess Championship Online (Play From Home) E Sports ₹ 125 onwards Online Game - Mission Black Terror Online (Play From Home) E Sports ₹ 199 DOVIC 91- Halfway through the BIO WAR Countdown Online (Play From Home) E Sports ₹ 499 Online Game - The Mall Maze Online (Play From Home) E Sports ₹ 149 Online Game - The Haunted Lake Online (Play From Home) E Sports ₹ 149 Climber Fun Quiz Online (Play From Home) E Sports ₹ 250 Online Game - Time Travel Online (Play From Home) E Sports ₹ 199 Weekly Chess Maha Muqabla Online (Play From Home) E Sports ₹ 225 onwards  </system-out>
  <testcase classname="com.bookmyshow.in.SportsSearchSuite" name="movieSearchSuite" time="21.434"/>
  <system-out>
All available languages are:  </system-out>
</testsuite> <!-- com.bookmyshow.in.SportsSearchSuite -->
